<?xml version="1.0" encoding="UTF-8"?>
<testsuite xmlns:xsi="http://www.w3.org/2001/XMLSchema-instance" xsi:noNamespaceSchemaLocation="https://maven.apache.org/surefire/maven-surefire-plugin/xsd/surefire-test-report.xsd" name="GetUserTests" time="6.038" tests="18" errors="0" skipped="0" failures="7">
  <properties>
[...]
</properties>
  <testcase name="Create_User_Without_Status" classname="CreateUserTests" time="0.241"/>
  <testcase name="Create_User_With_Status{String}[1]" classname="CreateUserTests" time="0.01"/>
  <testcase name="Get_User_Data_With_Non_Existing_Email" classname="GetUserTests" time="0.054">
    <failure message="1 expectation failed.&#10;Expected status code &lt;204&gt; but was &lt;404&gt;.&#10;" type="java.lang.AssertionError"><![CDATA[java.lang.AssertionError: 
1 expectation failed.
Expected status code <204> but was <404>.

	at GetUserTests.Delete_Created_User(GetUserTests.java:42)
]]></failure>
  </testcase>
  <testcase name="Create_User_Without_AnyInformation" classname="CreateUserTests" time="0.002"/>
  <testcase name="Create_User_With_Status{String}[2]" classname="CreateUserTests" time="0.342"/>
  <testcase name="Create_User_With_Status{String}[3]" classname="CreateUserTests" time="0.046"/>
  <testcase name="Create_User_With_InvalidEmails{String}[1]" classname="CreateUserTests" time="0.078"/>
  <testcase name="Create_User_With_InvalidNames{String}[2]" classname="CreateUserTests" time="0.047">
    <failure message="expected: not equal but was: &lt;201&gt;" type="org.opentest4j.AssertionFailedError"><![CDATA[org.opentest4j.AssertionFailedError: expected: not equal but was: <201>
	at CreateUserTests.Create_User_With_InvalidNames(CreateUserTests.java:122)
]]></failure>
  </testcase>
  <testcase name="Create_User_With_Gender{String}[1]" classname="CreateUserTests" time="0.324"/>
  <testcase name="Create_User_With_InvalidEmails{String}[3]" classname="CreateUserTests" time="0.01"/>
  <testcase name="Create_User_With_Gender{String}[2]" classname="CreateUserTests" time="0.067"/>
  <testcase name="Create_User_With_InvalidNames{String}[3]" classname="CreateUserTests" time="0.109">
    <failure message="expected: not equal but was: &lt;201&gt;" type="org.opentest4j.AssertionFailedError"><![CDATA[org.opentest4j.AssertionFailedError: expected: not equal but was: <201>
	at CreateUserTests.Create_User_With_InvalidNames(CreateUserTests.java:122)
]]></failure>
  </testcase>
  <testcase name="Get_User_Data_With_Non_Existing_ID" classname="GetUserTests" time="0.129"/>
  <testcase name="Get_User_Data_With_Email_Successfully" classname="GetUserTests" time="0.144">
    <failure message="1 expectation failed.&#10;JSON path data[0].id doesn&apos;t match.&#10;Expected: &lt;4160&gt;&#10;  Actual: &lt;4158&gt;&#10;" type="java.lang.AssertionError"><![CDATA[java.lang.AssertionError: 
1 expectation failed.
JSON path data[0].id doesn't match.
Expected: <4160>
  Actual: <4158>

	at GetUserTests.Get_User_Data_With_Email_Successfully(GetUserTests.java:87)
]]></failure>
  </testcase>
  <testcase name="Get_User_Data_With_Non_Existing_Name" classname="GetUserTests" time="0.363">
    <failure message="1 expectation failed.&#10;Expected status code &lt;204&gt; but was &lt;404&gt;.&#10;" type="java.lang.AssertionError"><![CDATA[java.lang.AssertionError: 
1 expectation failed.
Expected status code <204> but was <404>.

	at GetUserTests.Delete_Created_User(GetUserTests.java:42)
]]></failure>
  </testcase>
  <testcase name="Create_User_With_Gender{String}[3]" classname="CreateUserTests" time="0.38"/>
  <testcase name="Create_User_With_InvalidEmails{String}[2]" classname="CreateUserTests" time="0.386">
    <failure message="expected: &lt;is invalid&gt; but was: &lt;has already been taken&gt;" type="org.opentest4j.AssertionFailedError"><![CDATA[org.opentest4j.AssertionFailedError: expected: <is invalid> but was: <has already been taken>
	at CreateUserTests.Create_User_With_InvalidEmails(CreateUserTests.java:138)
]]></failure>
  </testcase>
  <testcase name="Get_User_Data_With_Name_Successfully" classname="GetUserTests" time="0.505">
    <failure message="1 expectation failed.&#10;Expected status code &lt;204&gt; but was &lt;404&gt;.&#10;" type="java.lang.AssertionError"><![CDATA[java.lang.AssertionError: 
1 expectation failed.
Expected status code <204> but was <404>.

	at GetUserTests.Delete_Created_User(GetUserTests.java:42)
]]></failure>
  </testcase>
</testsuite>