<?xml version="1.0" encoding="UTF-8"?>
<testsuite xmlns:xsi="http://www.w3.org/2001/XMLSchema-instance" xsi:noNamespaceSchemaLocation="https://maven.apache.org/surefire/maven-surefire-plugin/xsd/surefire-test-report.xsd" name="DeleteUsersTests" time="4.342" tests="11" errors="0" skipped="0" failures="2">
  <properties>
[...]
</properties>
  <testcase name="Create_User_Without_Authentication" classname="CreateUserTests" time="2.163"/>
  <testcase name="Create_User_Without_Name" classname="CreateUserTests" time="0.006"/>
  <testcase name="Users_CreateUsers_Success" classname="CreateUserTests" time="0.092"/>
  <testcase name="Create_User_With_TakenEmail" classname="CreateUserTests" time="0.287"/>
  <testcase name="Delete_Created_User_With_Non_Existing_ID" classname="DeleteUsersTests" time="0.076"/>
  <testcase name="Create_User_Without_Email" classname="CreateUserTests" time="0.461"/>
  <testcase name="Delete_Created_User_Without_Authentication" classname="DeleteUsersTests" time="0.462">
    <failure message="1 expectation failed.&#10;Expected status code &lt;401&gt; but was &lt;404&gt;.&#10;" type="java.lang.AssertionError"><![CDATA[java.lang.AssertionError: 
1 expectation failed.
Expected status code <401> but was <404>.

	at DeleteUsersTests.Delete_Created_User_Without_Authentication(DeleteUsersTests.java:63)
]]></failure>
  </testcase>
  <testcase name="Get_All_Users_Data_Successfully" classname="GetUserTests" time="0.043"/>
  <testcase name="Get_User_Data_With_ID_Successfully" classname="GetUserTests" time="0.057">
    <failure message="1 expectation failed.&#10;JSON path data[0].name doesn&apos;t match.&#10;Expected: Russel Ziemann IV&#10;  Actual: Hugo Reichel&#10;" type="java.lang.AssertionError">java.lang.AssertionError: 
1 expectation failed.
JSON path data[0].name doesn't match.
Expected: Russel Ziemann IV
  Actual: Hugo Reichel

	at GetUserTests.Get_User_Data_With_ID_Successfully(GetUserTests.java:60)
</failure>
  </testcase>
  <testcase name="Create_User_Without_Gender" classname="CreateUserTests" time="0.003"/>
  <testcase name="Delete_Created_User" classname="DeleteUsersTests" time="0.01"/>
</testsuite>